[0129/104928:ERROR:gpu_info_collector_win.cc(103)] Can't retrieve a valid WinSAT assessment.
[0129/104929:ERROR:proxy_service_factory.cc(105)] Cannot use V8 Proxy resolver in single process mode.
[0129/104930:ERROR:command_buffer_proxy_impl.cc(156)] Failed to initialize command buffer service.
[0129/104930:ERROR:webgraphicscontext3d_command_buffer_impl.cc(394)] CommandBufferProxy::Initialize failed.
[0129/104930:ERROR:webgraphicscontext3d_command_buffer_impl.cc(413)] Failed to initialize command buffer.
[0129/104930:ERROR:command_buffer_proxy_impl.cc(156)] Failed to initialize command buffer service.
[0129/104930:ERROR:webgraphicscontext3d_command_buffer_impl.cc(394)] CommandBufferProxy::Initialize failed.
[0129/104930:ERROR:webgraphicscontext3d_command_buffer_impl.cc(413)] Failed to initialize command buffer.
[0129/104930:ERROR:command_buffer_proxy_impl.cc(156)] Failed to initialize command buffer service.
[0129/104930:ERROR:webgraphicscontext3d_command_buffer_impl.cc(394)] CommandBufferProxy::Initialize failed.
[0129/104930:ERROR:webgraphicscontext3d_command_buffer_impl.cc(413)] Failed to initialize command buffer.
[0129/104930:ERROR:command_buffer_proxy_impl.cc(156)] Failed to initialize command buffer service.
[0129/104930:ERROR:webgraphicscontext3d_command_buffer_impl.cc(394)] CommandBufferProxy::Initialize failed.
[0129/104930:ERROR:webgraphicscontext3d_command_buffer_impl.cc(413)] Failed to initialize command buffer.
[0129/104930:ERROR:command_buffer_proxy_impl.cc(156)] Failed to initialize command buffer service.
[0129/104930:ERROR:webgraphicscontext3d_command_buffer_impl.cc(394)] CommandBufferProxy::Initialize failed.
[0129/104930:ERROR:webgraphicscontext3d_command_buffer_impl.cc(413)] Failed to initialize command buffer.
[0129/104930:ERROR:command_buffer_proxy_impl.cc(156)] Failed to initialize command buffer service.
[0129/104930:ERROR:webgraphicscontext3d_command_buffer_impl.cc(394)] CommandBufferProxy::Initialize failed.
[0129/104930:ERROR:webgraphicscontext3d_command_buffer_impl.cc(413)] Failed to initialize command buffer.
[0129/104930:ERROR:command_buffer_proxy_impl.cc(156)] Failed to initialize command buffer service.
[0129/104930:ERROR:webgraphicscontext3d_command_buffer_impl.cc(394)] CommandBufferProxy::Initialize failed.
[0129/104930:ERROR:webgraphicscontext3d_command_buffer_impl.cc(413)] Failed to initialize command buffer.
[0129/104930:ERROR:command_buffer_proxy_impl.cc(156)] Failed to initialize command buffer service.
[0129/104930:ERROR:webgraphicscontext3d_command_buffer_impl.cc(394)] CommandBufferProxy::Initialize failed.
[0129/104930:ERROR:webgraphicscontext3d_command_buffer_impl.cc(413)] Failed to initialize command buffer.
